<?xml version="1.0" encoding="UTF-8"?>
<testng-results ignored="0" total="1" passed="1" failed="0" skipped="0">
  <reporter-output>
  </reporter-output>
  <suite started-at="2020-10-10T06:41:10Z" name="Default suite" finished-at="2020-10-10T06:41:35Z" duration-ms="25080">
    <groups>
    </groups>
    <test started-at="2020-10-10T06:41:10Z" name="Default test" finished-at="2020-10-10T06:41:35Z" duration-ms="25080">
      <class name="com.handlingtable.HandlingDynamicTable">
        <test-method signature="handlingTable()[pri:0, instance:com.handlingtable.HandlingDynamicTable@4a883b15]" started-at="2020-10-10T06:41:10Z" name="handlingTable" finished-at="2020-10-10T06:41:35Z" duration-ms="25030" status="PASS">
          <reporter-output>
          </reporter-output>
        </test-method> <!-- handlingTable -->
      </class> <!-- com.handlingtable.HandlingDynamicTable -->
    </test> <!-- Default test -->
  </suite> <!-- Default suite -->
</testng-results>
