<?xml version="1.0" encoding="UTF-8"?>
<!-- Generated by org.testng.reporters.JUnitXMLReporter -->
<testsuite ignored="0" hostname="DESKTOP-1FKFP5A" failures="1" tests="1" name="InternetExplorerTest" time="303.354" errors="0" timestamp="24 Apr 2020 14:18:12 GMT">
  <testcase classname="Testingdifferentbroswer" name="hitUrl" time="300.08">
    <failure type="org.openqa.selenium.TimeoutException" message="Timed out waiting for page to load.
Build info: version: &amp;apos;3.6.0&amp;apos;, revision: &amp;apos;6fbf3ec767&amp;apos;, time: &amp;apos;2017-09-27T16:15:40.131Z&amp;apos;
System info: host: &amp;apos;DESKTOP-1FKFP5A&amp;apos;, ip: &amp;apos;192.168.43.119&amp;apos;, os.name: &amp;apos;Windows 10&amp;apos;, os.arch: &amp;apos;amd64&amp;apos;, os.version: &amp;apos;10.0&amp;apos;, java.version: &amp;apos;9.0.1&amp;apos;
Driver info: org.openqa.selenium.ie.InternetExplorerDriver
Capabilities [{se:ieOptions={browserAttachTimeout=0, enablePersistentHover=true, ie.forceCreateProcessApi=false, ie.edgepath=, ignoreZoomSetting=false, ie.fileUploadDialogTimeout=3000, nativeEvents=true, ie.edgechromium=false, ie.ensureCleanSession=false, elementScrollBehavior=0, ie.browserCommandLineSwitches=, requireWindowFocus=false, initialBrowserUrl=http://localhost:8954/, ignoreProtectedModeSettings=false}, timeouts={implicit=0, pageLoad=300000, script=30000}, pageLoadStrategy=normal, unhandledPromptBehavior=dismiss and notify, strictFileInteractability=false, platform=WINDOWS, proxy=Proxy(), acceptInsecureCerts=false, browserVersion=11, browserName=internet explorer, javascriptEnabled=true, platformName=WINDOWS, setWindowRect=true}]
Session ID: 0280bf06-f966-4405-a983-b2e52e0c5b3b">
      <![CDATA[org.openqa.selenium.TimeoutException: Timed out waiting for page to load.
Build info: version: '3.6.0', revision: '6fbf3ec767', time: '2017-09-27T16:15:40.131Z'
System info: host: 'DESKTOP-1FKFP5A', ip: '192.168.43.119', os.name: 'Windows 10', os.arch: 'amd64', os.version: '10.0', java.version: '9.0.1'
Driver info: org.openqa.selenium.ie.InternetExplorerDriver
Capabilities [{se:ieOptions={browserAttachTimeout=0, enablePersistentHover=true, ie.forceCreateProcessApi=false, ie.edgepath=, ignoreZoomSetting=false, ie.fileUploadDialogTimeout=3000, nativeEvents=true, ie.edgechromium=false, ie.ensureCleanSession=false, elementScrollBehavior=0, ie.browserCommandLineSwitches=, requireWindowFocus=false, initialBrowserUrl=http://localhost:8954/, ignoreProtectedModeSettings=false}, timeouts={implicit=0, pageLoad=300000, script=30000}, pageLoadStrategy=normal, unhandledPromptBehavior=dismiss and notify, strictFileInteractability=false, platform=WINDOWS, proxy=Proxy(), acceptInsecureCerts=false, browserVersion=11, browserName=internet explorer, javascriptEnabled=true, platformName=WINDOWS, setWindowRect=true}]
Session ID: 0280bf06-f966-4405-a983-b2e52e0c5b3b
at org.openqa.selenium.remote.http.W3CHttpResponseCodec.createException(W3CHttpResponseCodec.java:185)
at org.openqa.selenium.remote.http.W3CHttpResponseCodec.decode(W3CHttpResponseCodec.java:120)
at org.openqa.selenium.remote.http.W3CHttpResponseCodec.decode(W3CHttpResponseCodec.java:49)
at org.openqa.selenium.remote.HttpCommandExecutor.execute(HttpCommandExecutor.java:164)
at org.openqa.selenium.remote.service.DriverCommandExecutor.execute(DriverCommandExecutor.java:83)
at org.openqa.selenium.remote.RemoteWebDriver.execute(RemoteWebDriver.java:586)
at org.openqa.selenium.remote.RemoteWebDriver.get(RemoteWebDriver.java:310)
at Testingdifferentbroswer.hitUrl(Testingdifferentbroswer.java:44)
... Removed 29 stack frames]]>
    </failure>
  </testcase> <!-- hitUrl -->
</testsuite> <!-- InternetExplorerTest -->
