<?xml version="1.0" encoding="UTF-8"?>
<testng-results ignored="0" total="2" passed="2" failed="0" skipped="0">
  <reporter-output>
  </reporter-output>
  <suite started-at="2020-04-30T12:38:24Z" name="Default suite" finished-at="2020-04-30T12:38:43Z" duration-ms="18274">
    <groups>
    </groups>
    <test started-at="2020-04-30T12:38:24Z" name="Default test" finished-at="2020-04-30T12:38:43Z" duration-ms="18274">
      <class name="com.shopping.Testtitle">
        <test-method is-config="true" signature="launchBrowser()[pri:0, instance:com.shopping.Testtitle@2cb2fc20]" started-at="2020-04-30T12:38:24Z" name="launchBrowser" finished-at="2020-04-30T12:38:35Z" duration-ms="10496" status="PASS">
          <reporter-output>
          </reporter-output>
        </test-method> <!-- launchBrowser -->
        <test-method is-config="true" signature="verifyHomepageTitle()[pri:0, instance:com.shopping.Testtitle@2cb2fc20]" started-at="2020-04-30T12:38:35Z" name="verifyHomepageTitle" finished-at="2020-04-30T12:38:35Z" duration-ms="16" status="PASS">
          <reporter-output>
          </reporter-output>
        </test-method> <!-- verifyHomepageTitle -->
        <test-method signature="register()[pri:0, instance:com.shopping.Testtitle@2cb2fc20]" started-at="2020-04-30T12:38:35Z" name="register" finished-at="2020-04-30T12:38:37Z" duration-ms="1711" status="PASS">
          <reporter-output>
          </reporter-output>
        </test-method> <!-- register -->
        <test-method is-config="true" signature="goBackToHomepage()[pri:0, instance:com.shopping.Testtitle@2cb2fc20]" started-at="2020-04-30T12:38:37Z" name="goBackToHomepage" finished-at="2020-04-30T12:38:38Z" duration-ms="1267" status="PASS">
          <reporter-output>
          </reporter-output>
        </test-method> <!-- goBackToHomepage -->
        <test-method is-config="true" signature="verifyHomepageTitle()[pri:0, instance:com.shopping.Testtitle@2cb2fc20]" started-at="2020-04-30T12:38:38Z" name="verifyHomepageTitle" finished-at="2020-04-30T12:38:38Z" duration-ms="11" status="PASS">
          <reporter-output>
          </reporter-output>
        </test-method> <!-- verifyHomepageTitle -->
        <test-method signature="support()[pri:1, instance:com.shopping.Testtitle@2cb2fc20]" started-at="2020-04-30T12:38:38Z" name="support" finished-at="2020-04-30T12:38:40Z" duration-ms="2000" status="PASS">
          <reporter-output>
          </reporter-output>
        </test-method> <!-- support -->
        <test-method is-config="true" signature="goBackToHomepage()[pri:0, instance:com.shopping.Testtitle@2cb2fc20]" started-at="2020-04-30T12:38:40Z" name="goBackToHomepage" finished-at="2020-04-30T12:38:41Z" duration-ms="1206" status="PASS">
          <reporter-output>
          </reporter-output>
        </test-method> <!-- goBackToHomepage -->
        <test-method is-config="true" signature="terminateBrowser()[pri:0, instance:com.shopping.Testtitle@2cb2fc20]" started-at="2020-04-30T12:38:41Z" name="terminateBrowser" finished-at="2020-04-30T12:38:43Z" duration-ms="1530" status="PASS">
          <reporter-output>
          </reporter-output>
        </test-method> <!-- terminateBrowser -->
      </class> <!-- com.shopping.Testtitle -->
    </test> <!-- Default test -->
  </suite> <!-- Default suite -->
</testng-results>
